import time: self [us] | cumulative | imported package
import time:       197 |        197 |   _io
import time:        36 |         36 |   marshal
import time:       368 |        368 |   posix
import time:      1243 |       1842 | _frozen_importlib_external
import time:       117 |        117 |   time
import time:       382 |        499 | zipimport
import time:        55 |         55 |     _codecs
import time:       679 |        733 |   codecs
import time:       457 |        457 |   encodings.aliases
import time:       921 |       2111 | encodings
import time:       214 |        214 | encodings.utf_8
import time:       156 |        156 | _signal
import time:        32 |         32 |     _abc
import time:       308 |        339 |   abc
import time:       310 |        649 | io
import time:        43 |         43 |       _stat
import time:       312 |        354 |     stat
import time:       854 |        854 |     _collections_abc
import time:        77 |         77 |       errno
import time:        95 |         95 |       genericpath
import time:       531 |        702 |     posixpath
import time:      1186 |       3095 |   os
import time:        89 |         89 |   _sitebuiltins
import time:       627 |        627 |   encodings.utf_8_sig
import time:    121775 |     121775 |   _virtualenv
import time:    165055 |     165055 |   _distutils_hack
import time:       239 |        239 |   sitecustomize
import time:    668753 |     959630 | site
import time:     48020 |      48020 | linecache
import time:      6665 |       6665 |   __future__
import time:    128799 |     128799 |     wandb.errors.errors
import time:    244670 |     373469 |   wandb.errors
import time:       150 |        150 |         itertools
import time:      7174 |       7174 |         keyword
import time:       104 |        104 |           _operator
import time:      8077 |       8181 |         operator
import time:      8958 |       8958 |         reprlib
import time:        77 |         77 |         _collections
import time:      9208 |      33745 |       collections
import time:        61 |         61 |         _functools
import time:     11469 |      11530 |       functools
import time:      9779 |       9779 |       types
import time:      7899 |      62951 |     contextlib
import time:     11670 |      11670 |         enum
import time:        78 |         78 |           _sre
import time:       471 |        471 |             re._constants
import time:       775 |       1245 |           re._parser
import time:       162 |        162 |           re._casefix
import time:       978 |       2463 |         re._compiler
import time:      9989 |       9989 |         copyreg
import time:     12013 |      36133 |       re
import time:     11876 |      11876 |         textwrap
import time:     11309 |      11309 |         warnings
import time:     11120 |      11120 |         _colorize
import time:     11815 |      46119 |       traceback
import time:     11160 |      11160 |         _weakrefset
import time:     12023 |      23182 |       weakref
import time:        48 |         48 |         _string
import time:     14621 |      14669 |       string
import time:     12112 |      12112 |       threading
import time:        84 |         84 |       atexit
import time:     17303 |     149599 |     logging
import time:     13005 |      13005 |       fnmatch
import time:        91 |         91 |       zlib
import time:       309 |        309 |         _compression
import time:       607 |        607 |         _bz2
import time:       651 |       1566 |       bz2
import time:       552 |        552 |         _lzma
import time:       472 |       1024 |       lzma
import time:     13465 |      29149 |     shutil
import time:        59 |         59 |       _typing
import time:      2972 |       3030 |     typing
import time:       910 |        910 |             _ast
import time:      1895 |       2805 |           ast
import time:        62 |         62 |               _opcode
import time:       306 |        306 |               _opcode_metadata
import time:       575 |        942 |             opcode
import time:      1282 |       2224 |           dis
import time:       259 |        259 |             importlib
import time:       191 |        449 |           importlib.machinery
import time:       275 |        275 |             token
import time:        47 |         47 |             _tokenize
import time:      1081 |       1403 |           tokenize
import time:      2796 |       9674 |         inspect
import time:       782 |        782 |         gettext
import time:       137 |        137 |             _datetime
import time:       481 |        617 |           datetime
import time:     95995 |      95995 |           click._compat
import time:     98561 |      98561 |             click.globals
import time:     93359 |      93359 |             click.utils
import time:     92822 |     284740 |           click.exceptions
import time:     82456 |     463807 |         click.types
import time:     89117 |      89117 |         click._utils
import time:     96039 |      96039 |           click.parser
import time:     89985 |     186024 |         click.formatting
import time:    134329 |     134329 |         click.termui
import time:    100246 |     983977 |       click.core
import time:     96458 |      96458 |       click.decorators
import time:    174222 |    1254655 |     click
import time:     51261 |    1550643 |   wandb.errors.term
import time:    183703 |     183703 |           wandb.sdk.lib.lazyloader
import time:    123471 |     123471 |           wandb.sdk.lib.disabled
import time:       381 |        381 |               copy
import time:      1624 |       2005 |             dataclasses
import time:       605 |        605 |             urllib
import time:       168 |        168 |               math
import time:      2063 |       2063 |               ipaddress
import time:      1778 |       4008 |             urllib.parse
import time:    144553 |     151169 |           wandb.sdk.lib.run_moment
import time:    113720 |     572060 |         wandb.sdk.lib
import time:       424 |        424 |                 _json
import time:       539 |        963 |               json.scanner
import time:       623 |       1585 |             json.decoder
import time:       420 |        420 |             json.encoder
import time:       702 |       2706 |           json
import time:       310 |        310 |             colorsys
import time:       119 |        119 |                 _struct
import time:       993 |       1111 |               struct
import time:      4133 |       5243 |             gzip
import time:       264 |        264 |               importlib._abc
import time:       350 |        614 |             importlib.util
import time:       475 |        475 |             numbers
import time:       511 |        511 |                 glob
import time:       619 |       1129 |               pathlib._abc
import time:     39635 |      39635 |                   _winapi
import time:       220 |        220 |                   nt
import time:       247 |        247 |                   nt
import time:       258 |        258 |                   nt
import time:       257 |        257 |                   nt
import time:       247 |        247 |                   nt
import time:       213 |        213 |                   nt
import time:       173 |        173 |                   nt
import time:      1583 |      42830 |                 ntpath
import time:        51 |         51 |                 pwd
import time:        39 |         39 |                 grp
import time:       988 |      43906 |               pathlib._local
import time:       539 |      45574 |             pathlib
import time:       194 |        194 |               _wmi
import time:       954 |       1147 |             platform
import time:       184 |        184 |                 _heapq
import time:       419 |        602 |               heapq
import time:       347 |        347 |               _queue
import time:       622 |       1570 |             queue
import time:        52 |         52 |                 _bisect
import time:       364 |        415 |               bisect
import time:        38 |         38 |               _random
import time:       884 |       1336 |             random
import time:        64 |         64 |                 binascii
import time:       595 |        658 |               base64
import time:      2890 |       2890 |                 _hashlib
import time:        71 |         71 |                   _blake2
import time:       493 |        563 |                 hashlib
import time:       621 |       4073 |               hmac
import time:       434 |       5164 |             secrets
import time:       416 |        416 |             shlex
import time:      1252 |       1252 |             tarfile
import time:       477 |        477 |             tempfile
import time:       268 |        268 |               _socket
import time:    130333 |     130601 |             typing_extensions
import time:      9734 |       9734 |                 platformdirs.api
import time:      4608 |       4608 |                 platformdirs.version
import time:      1652 |       1652 |                   configparser
import time:      6025 |       7676 |                 platformdirs.unix
import time:    209864 |     231880 |               platformdirs
import time:    114400 |     346280 |             wandb.env
import time:     10983 |      10983 |               wandb.sdk.internal
import time:      5167 |      16150 |             wandb.sdk.internal.thread_local_settings
import time:       707 |        707 |                 _ctypes
import time:       296 |        296 |                 ctypes._endian
import time:      1243 |       2245 |               ctypes
import time:      9284 |       9284 |               wandb.sdk.lib.paths
import time:      4973 |      16501 |             wandb.sdk.lib.filesystem
import time:      5715 |       5715 |             wandb.sdk.lib.runid
import time:       199 |        199 |               orjson
import time:      6402 |       6601 |             wandb.sdk.lib.json_util
import time:    140257 |     725674 |           wandb.util
import time:    135003 |     863382 |         wandb.sdk.lib.config_util
import time:     88161 |    1523602 |       wandb.sdk.wandb_helper
import time:      5885 |       5885 |         wandb.sdk.artifacts
import time:       657 |        657 |                 signal
import time:       433 |       1090 |               multiprocessing.process
import time:       504 |        504 |                   _compat_pickle
import time:       112 |        112 |                   _pickle
import time:      1093 |       1708 |                 pickle
import time:        51 |         51 |                     select
import time:       652 |        703 |                   selectors
import time:        83 |         83 |                   array
import time:      1453 |       2237 |                 socket
import time:       503 |       4448 |               multiprocessing.reduction
import time:       692 |       6228 |             multiprocessing.context
import time:       373 |       6600 |           multiprocessing
import time:       228 |        228 |           multiprocessing.dummy.connection
import time:       497 |       7324 |         multiprocessing.dummy
import time:       208 |        208 |           concurrent
import time:       554 |        554 |           concurrent.futures._base
import time:       446 |       1207 |         concurrent.futures
import time:       252 |        252 |         concurrent.futures.thread
import time:      4848 |       4848 |                   pydantic_core._pydantic_core
import time:       621 |        621 |                       _decimal
import time:       367 |        987 |                     decimal
import time:     12914 |      13900 |                   pydantic_core.core_schema
import time:      6258 |      25005 |                 pydantic_core
import time:      3459 |      28464 |               pydantic.version
import time:      3624 |      32087 |             pydantic.warnings
import time:      5325 |      37412 |           pydantic._migration
import time:      5895 |       5895 |               typing_inspection
import time:      5330 |       5330 |               typing_inspection.typing_objects
import time:      5488 |      16712 |             typing_inspection.introspection
import time:      7028 |       7028 |             pydantic._internal
import time:      3582 |       3582 |                 pydantic._internal._namespace_utils
import time:      4711 |       8293 |               pydantic._internal._typing_extra
import time:      5367 |      13659 |             pydantic._internal._repr
import time:      4285 |      41682 |           pydantic.errors
import time:      6201 |      85294 |         pydantic
import time:       412 |        412 |           _uuid
import time:       594 |       1006 |         uuid
import time:     13521 |      13521 |         annotated_types
import time:    112165 |     112165 |             pydantic._internal._internal_dataclass
import time:     53713 |     165878 |           pydantic.aliases
import time:       433 |        433 |               _contextvars
import time:       607 |       1040 |             contextvars
import time:    171903 |     171903 |             pydantic._internal._core_utils
import time:    104951 |     104951 |             pydantic._internal._forward_ref
import time:     91762 |      91762 |               pydantic._internal._import_utils
import time:     84407 |     176168 |             pydantic._internal._utils
import time:    138840 |     592901 |           pydantic._internal._generics
import time:    174793 |     174793 |             pydantic.config
import time:    120212 |     295005 |           pydantic._internal._config
import time:    160889 |     160889 |           pydantic._internal._docs_extraction
import time:      8096 |    1222768 |         pydantic._internal._fields
import time:      1684 |       1684 |           fractions
import time:     65858 |      65858 |               sysconfig
import time:      1006 |       1006 |               _sysconfigdata__x86_64-linux-gnu
import time:       979 |      67841 |             zoneinfo._tzpath
import time:       206 |        206 |             zoneinfo._common
import time:       502 |        502 |             _zoneinfo
import time:       829 |      69376 |           zoneinfo
import time:    139053 |     210112 |         pydantic._internal._validators
import time:    178781 |     178781 |         pydantic.annotated_handlers
import time:     87863 |      87863 |           pydantic._internal._core_metadata
import time:    125930 |     125930 |           pydantic._internal._decorators
import time:    171580 |     171580 |               pydantic.plugin
import time:    167092 |     338671 |             pydantic.plugin._schema_validator
import time:    119503 |     458174 |           pydantic._internal._mock_val_ser
import time:    198363 |     198363 |           pydantic._internal._schema_generation_shared
import time:    122967 |     993295 |         pydantic.json_schema
import time:    116193 |     116193 |             wandb.sdk.data_types
import time:    117726 |     117726 |               numpy.version
import time:     95171 |      95171 |               numpy._expired_attrs_2_0
import time:    195930 |     195930 |                   numpy._utils._convertions
import time:    247449 |     443379 |                 numpy._utils
import time:    130913 |     574291 |               numpy._globals
import time:     38453 |      38453 |                 numpy._distributor_init_local
import time:    108127 |     146580 |               numpy._distributor_init
import time:    108059 |     108059 |                         numpy.exceptions
import time:    123487 |     123487 |                         numpy._core._exceptions
import time:    123412 |     123412 |                         numpy._core.printoptions
import time:    105670 |     105670 |                         numpy.dtypes
import time:    201851 |     662478 |                       numpy._core._multiarray_umath
import time:    148725 |     148725 |                         numpy._utils._inspect
import time:    121241 |     269965 |                       numpy._core.overrides
import time:    119913 |    1052355 |                     numpy._core.multiarray
import time:    110633 |     110633 |                     numpy._core.umath
import time:     79989 |      79989 |                       numpy._core._dtype
import time:     15709 |      15709 |                       numpy._core._string_helpers
import time:     25546 |      25546 |                       numpy._core._type_aliases
import time:     92129 |     213371 |                     numpy._core.numerictypes
import time:      7551 |       7551 |                       numpy._core._ufunc_config
import time:      7964 |       7964 |                         numpy._core._methods
import time:      8921 |      16885 |                       numpy._core.fromnumeric
import time:      7333 |      31768 |                     numpy._core._machar
import time:      6758 |       6758 |                         numpy._core.shape_base
import time:      6582 |       6582 |                         numpy._core._asarray
import time:      7206 |       7206 |                         numpy._core.arrayprint
import time:     87905 |     108451 |                       numpy._core.numeric
import time:      8627 |     117078 |                     numpy._core.einsumfunc
import time:     13496 |      13496 |                     numpy._core.function_base
import time:     13996 |      13996 |                     numpy._core.getlimits
import time:      8962 |       8962 |                     numpy._core.memmap
import time:     29197 |      29197 |                     numpy._core.records
import time:      9548 |       9548 |                     numpy._core._add_newdocs
import time:      4624 |       4624 |                     numpy._core._add_newdocs_scalars
import time:      6206 |       6206 |                     numpy._core._dtype_ctypes
import time:      4963 |       4963 |                     numpy._core._internal
import time:      5208 |       5208 |                     numpy._pytesttester
import time:    130969 |    1752366 |                   numpy._core
import time:       142 |    1752507 |                 numpy._core._multiarray_umath
import time:    143958 |    1896464 |               numpy.__config__
import time:      3763 |       3763 |                                 numpy._typing._nbit_base
import time:      3289 |       3289 |                                 numpy._typing._nested_sequence
import time:      3625 |       3625 |                                 numpy._typing._shape
import time:      7947 |      18623 |                               numpy._typing._array_like
import time:      4465 |       4465 |                               numpy._typing._char_codes
import time:      4761 |       4761 |                               numpy._typing._dtype_like
import time:      3436 |       3436 |                               numpy._typing._nbit
import time:      3270 |       3270 |                               numpy._typing._scalars
import time:      3118 |       3118 |                               numpy._typing._ufunc
import time:     10314 |      47985 |                             numpy._typing
import time:      3811 |       3811 |                               numpy.lib._stride_tricks_impl
import time:      3885 |       7695 |                             numpy.lib._twodim_base_impl
import time:      3287 |       3287 |                               numpy.lib._array_utils_impl
import time:      3524 |       6810 |                             numpy.lib.array_utils
import time:      2233 |       2233 |                             numpy.linalg._umath_linalg
import time:      7705 |      72427 |                           numpy.linalg._linalg
import time:      4168 |       4168 |                           numpy.linalg.linalg
import time:     10112 |      86705 |                         numpy.linalg
import time:      4563 |      91268 |                       numpy.matrixlib.defmatrix
import time:      4550 |      95817 |                     numpy.matrixlib
import time:      3068 |       3068 |                       numpy.lib._histograms_impl
import time:      4375 |       7443 |                     numpy.lib._function_base_impl
import time:      2968 |       2968 |                     numpy.lib.stride_tricks
import time:      4048 |     110275 |                   numpy.lib._index_tricks_impl
import time:      6402 |     116676 |                 numpy.lib._arraypad_impl
import time:      3965 |       3965 |                 numpy.lib._arraysetops_impl
import time:      3021 |       3021 |                 numpy.lib._arrayterator_impl
import time:      3272 |       3272 |                 numpy.lib._nanfunctions_impl
import time:      3173 |       3173 |                       numpy.lib._utils_impl
import time:      4062 |       7234 |                     numpy.lib._format_impl
import time:      3703 |      10937 |                   numpy.lib.format
import time:      3322 |       3322 |                   numpy.lib._datasource
import time:      3709 |       3709 |                   numpy.lib._iotools
import time:      4737 |      22703 |                 numpy.lib._npyio_impl
import time:      2941 |       2941 |                     numpy.lib._ufunclike_impl
import time:      3288 |       6229 |                   numpy.lib._type_check_impl
import time:      3889 |      10117 |                 numpy.lib._polynomial_impl
import time:      3325 |       3325 |                 numpy.lib._shape_base_impl
import time:      3203 |       3203 |                 numpy.lib._version
import time:      3652 |       3652 |                 numpy.lib.introspect
import time:      3487 |       3487 |                 numpy.lib.mixins
import time:      3037 |       3037 |                 numpy.lib.npyio
import time:      3578 |       3578 |                   numpy.lib._scimath_impl
import time:      3227 |       6804 |                 numpy.lib.scimath
import time:      6121 |     189377 |               numpy.lib
import time:      3661 |       3661 |               numpy._array_api_info
import time:    200702 |    3223968 |             wandb.sdk.data_types._dtypes
import time:      4941 |       4941 |             wandb.sdk.data_types._private
import time:      6120 |       6120 |               wandb.sdk.data_types.base_types
import time:     22977 |      22977 |                     wandb.integration
import time:     40327 |      40327 |                     wandb.integration.sagemaker.auth
import time:     25718 |      25718 |                       wandb.integration.sagemaker.files
import time:     25071 |      50788 |                     wandb.integration.sagemaker.config
import time:     90400 |      90400 |                     wandb.integration.sagemaker.resources
import time:     56949 |     261438 |                   wandb.integration.sagemaker
import time:       131 |        131 |                             _locale
import time:      1569 |       1700 |                           locale
import time:        78 |         78 |                           fcntl
import time:       221 |        221 |                           msvcrt
import time:        33 |         33 |                           _posixsubprocess
import time:      2024 |       4054 |                         subprocess
import time:      2134 |       2134 |                           _ssl
import time:      2654 |       4788 |                         ssl
import time:       293 |        293 |                         asyncio.constants
import time:       180 |        180 |                         asyncio.coroutines
import time:       159 |        159 |                           asyncio.format_helpers
import time:       172 |        172 |                             asyncio.base_futures
import time:       246 |        246 |                             asyncio.exceptions
import time:       187 |        187 |                             asyncio.base_tasks
import time:       925 |       1529 |                           _asyncio
import time:       879 |       2565 |                         asyncio.events
import time:       299 |        299 |                         asyncio.futures
import time:       224 |        224 |                         asyncio.protocols
import time:       259 |        259 |                           asyncio.transports
import time:       162 |        162 |                           asyncio.log
import time:      1170 |       1590 |                         asyncio.sslproto
import time:       153 |        153 |                             asyncio.mixins
import time:       657 |        809 |                           asyncio.locks
import time:       296 |        296 |                             asyncio.queues
import time:       753 |        753 |                             asyncio.timeouts
import time:       806 |       1854 |                           asyncio.tasks
import time:       465 |       3128 |                         asyncio.staggered
import time:       176 |        176 |                         asyncio.trsock
import time:      3061 |      20352 |                       asyncio.base_events
import time:       333 |        333 |                       asyncio.runners
import time:       436 |        436 |                       asyncio.streams
import time:       256 |        256 |                       asyncio.subprocess
import time:       183 |        183 |                       asyncio.taskgroups
import time:       135 |        135 |                       asyncio.threads
import time:       271 |        271 |                         asyncio.base_subprocess
import time:       718 |        718 |                         asyncio.selector_events
import time:      1076 |       2064 |                       asyncio.unix_events
import time:      1346 |      25102 |                     asyncio
import time:     33040 |      33040 |                     wandb.sdk.lib.asyncio_compat
import time:    265569 |     323710 |                   wandb.sdk.lib.asyncio_manager
import time:      6392 |       6392 |                   wandb.sdk.lib.import_hooks
import time:      7791 |       7791 |                   wandb.sdk.lib.wb_logging
import time:      9065 |       9065 |                   wandb.sdk.lib.server
import time:      7234 |     615628 |                 wandb.sdk.wandb_setup
import time:      7555 |     623182 |               wandb.sdk.data_types.base_types.wb_value
import time:      8569 |     637870 |             wandb.sdk.data_types.base_types.media
import time:     83177 |    4066147 |           wandb.sdk.data_types.audio
import time:     82467 |      82467 |             wandb._strutils
import time:     33314 |     115781 |           wandb.sdk.data_types.bokeh
import time:       737 |        737 |             pprint
import time:     11337 |      12073 |           wandb.sdk.data_types.graph
import time:     11622 |      11622 |             wandb.sdk.data_types.helper_types
import time:      6725 |       6725 |             wandb.sdk.data_types.base_types.json_metadata
import time:      8597 |      26943 |           wandb.sdk.data_types.helper_types.bounding_boxes_2d
import time:      6832 |       6832 |           wandb.sdk.data_types.helper_types.classes
import time:     13736 |      13736 |           wandb.sdk.data_types.helper_types.image_mask
import time:     96487 |      96487 |           wandb.sdk.data_types.histogram
import time:      4916 |       4916 |           wandb.sdk.data_types.html
import time:      7869 |       7869 |               packaging
import time:     30122 |      30122 |               packaging._structures
import time:     13148 |      51138 |             packaging.version
import time:       801 |        801 |               mmap
import time:    119972 |     120772 |             wandb.sdk.lib.hashutil
import time:      6863 |     178772 |           wandb.sdk.data_types.image
import time:      6213 |       6213 |           wandb.sdk.data_types.molecule
import time:      6006 |       6006 |           wandb.sdk.data_types.object_3d
import time:      8402 |       8402 |           wandb.sdk.data_types.plotly
import time:      7983 |       7983 |           wandb.sdk.data_types.saved_model
import time:     46402 |      46402 |             wandb.sdk.data_types.table_decorators
import time:      7975 |       7975 |               wandb.sdk.internal.incremental_table_util
import time:     14145 |      22120 |             wandb.sdk.data_types.utils
import time:     36815 |     105336 |           wandb.sdk.data_types.table
import time:      9364 |       9364 |           wandb.sdk.data_types.trace_tree
import time:     20327 |      20327 |               wandb.sdk.lib.ipython
import time:     32061 |      32061 |               wandb.sdk.lib.sparkline
import time:     58818 |     111205 |             wandb.sdk.lib.printer
import time:     35790 |      35790 |             wandb.sdk.lib.printer_asyncio
import time:     37462 |     184457 |           wandb.sdk.data_types.video
import time:    134819 |    4984258 |         wandb.data_types
import time:     76652 |      76652 |         wandb._iterutils
import time:     12540 |      12540 |                 pydantic.functional_validators
import time:     49310 |      49310 |                 pydantic._internal._discriminated_union
import time:     30891 |      30891 |                 pydantic._internal._known_annotated_metadata
import time:     11529 |      11529 |                 pydantic._internal._schema_gather
import time:      8702 |     112971 |               pydantic._internal._generate_schema
import time:     16388 |      16388 |               pydantic._internal._signature
import time:     91762 |     221120 |             pydantic._internal._model_construction
import time:     54879 |      54879 |               wandb._pydantic.utils
import time:      8921 |       8921 |               pydantic.alias_generators
import time:     63562 |     127361 |             wandb._pydantic.v1_compat
import time:       291 |        291 |                 email
import time:       234 |        234 |                     zipfile._path.glob
import time:       611 |        845 |                   zipfile._path
import time:      1476 |       2320 |                 zipfile
import time:       344 |        344 |                 importlib.metadata._meta
import time:       287 |        287 |                 importlib.metadata._collections
import time:       152 |        152 |                 importlib.metadata._functools
import time:       150 |        150 |                 importlib.metadata._itertools
import time:       495 |        495 |                       importlib.resources.abc
import time:       542 |       1037 |                     importlib.resources._common
import time:       204 |        204 |                     importlib.resources._functional
import time:       424 |       1665 |                   importlib.resources
import time:       601 |       2266 |                 importlib.abc
import time:      2169 |       7976 |               importlib.metadata
import time:     35463 |      43438 |             pydantic.plugin._loader
import time:   1730407 |    2122325 |           wandb._pydantic.base
import time:     68823 |      68823 |           wandb._pydantic.field_types
import time:     43489 |      43489 |           wandb._pydantic.pagination
import time:     13727 |    2248362 |         wandb._pydantic
import time:     48899 |      48899 |                   http
import time:       659 |        659 |                       email.errors
import time:       238 |        238 |                           email.quoprimime
import time:       166 |        166 |                           email.base64mime
import time:       580 |        580 |                               quopri
import time:       258 |        837 |                             email.encoders
import time:       305 |       1142 |                           email.charset
import time:      1005 |       2549 |                         email.header
import time:       269 |        269 |                           email._parseaddr
import time:       599 |        868 |                         email.utils
import time:       526 |       3942 |                       email._policybase
import time:       880 |       5480 |                     email.feedparser
import time:       410 |       5889 |                   email.parser
import time:       260 |        260 |                     email._encoded_words
import time:       154 |        154 |                     email.iterators
import time:       800 |       1213 |                   email.message
import time:      1298 |      57297 |                 http.client
import time:     13771 |      13771 |                             wandb_graphql.pyutils
import time:     12372 |      26143 |                           wandb_graphql.pyutils.version
import time:     25088 |      25088 |                                     wandb_promise.pyutils
import time:     10362 |      35450 |                                   wandb_promise.pyutils.version
import time:     11365 |      11365 |                                     wandb_promise.async_
import time:     24655 |      24655 |                                       wandb_promise.iterate_promise
import time:     17070 |      41724 |                                     wandb_promise.compat
import time:     61081 |      61081 |                                     wandb_promise.utils
import time:    101222 |     101222 |                                     wandb_promise.promise_list
import time:    171885 |     171885 |                                       wandb_promise.schedulers
import time:    208905 |     380789 |                                     wandb_promise.schedulers.immediate
import time:      8650 |     604829 |                                   wandb_promise.promise
import time:     10930 |     651208 |                                 wandb_promise
import time:    196688 |     196688 |                                       wandb_graphql.language
import time:    122859 |     319546 |                                     wandb_graphql.language.location
import time:    225427 |     544972 |                                   wandb_graphql.error.base
import time:     64526 |      64526 |                                   wandb_graphql.error.located_error
import time:     90651 |      90651 |                                   wandb_graphql.error.syntax_error
import time:     94600 |      94600 |                                   wandb_graphql.error.format_error
import time:    197389 |     992136 |                                 wandb_graphql.error
import time:    127575 |     127575 |                                 wandb_graphql.pyutils.default_ordered_dict
import time:    106882 |     106882 |                                   cyordereddict
import time:     89367 |     196249 |                                 wandb_graphql.pyutils.ordereddict
import time:     74408 |      74408 |                                     wandb_graphql.language.ast
import time:     75802 |      75802 |                                     wandb_graphql.pyutils.cached_property
import time:    112809 |     112809 |                                       wandb_graphql.utils
import time:     80469 |     193277 |                                     wandb_graphql.utils.assert_valid_name
import time:    100263 |     443749 |                                   wandb_graphql.type.definition
import time:    115610 |     115610 |                                     wandb_graphql.type.scalars
import time:     56533 |     172143 |                                   wandb_graphql.type.directives
import time:     46166 |      46166 |                                           wandb_graphql.language.visitor_meta
import time:     68903 |     115068 |                                         wandb_graphql.language.visitor
import time:    140279 |     255346 |                                       wandb_graphql.language.printer
import time:     53145 |      53145 |                                       wandb_graphql.utils.ast_from_value
import time:    157558 |     466048 |                                     wandb_graphql.type.introspection
import time:     99595 |      99595 |                                       wandb_graphql.utils.type_comparators
import time:     91689 |     191283 |                                     wandb_graphql.type.typemap
import time:    122724 |     780054 |                                   wandb_graphql.type.schema
import time:    146331 |    1542275 |                                 wandb_graphql.type
import time:     66206 |      66206 |                                   wandb_graphql.utils.type_from_ast
import time:     60079 |      60079 |                                     wandb_graphql.utils.is_valid_value
import time:     49580 |      49580 |                                     wandb_graphql.utils.value_from_ast
import time:     77252 |     186910 |                                   wandb_graphql.execution.values
import time:     95579 |     348694 |                                 wandb_graphql.execution.base
import time:     63625 |      63625 |                                   wandb_graphql.execution.executors
import time:     72465 |     136090 |                                 wandb_graphql.execution.executors.sync
import time:     92496 |      92496 |                                   wandb_graphql.execution.experimental
import time:     62964 |      62964 |                                   wandb_graphql.execution.middleware
import time:     80691 |      80691 |                                   wandb_graphql.execution.experimental.fragment
import time:     60999 |     297147 |                                 wandb_graphql.execution.experimental.executor
import time:     13959 |    4305330 |                               wandb_graphql.execution.executor
import time:     11195 |    4316524 |                             wandb_graphql.execution
import time:     60011 |      60011 |                               wandb_graphql.language.lexer
import time:     84594 |      84594 |                               wandb_graphql.language.source
import time:     95187 |     239791 |                             wandb_graphql.language.parser
import time:    160259 |     160259 |                                   wandb_graphql.utils.get_field_def
import time:    190604 |     350863 |                                 wandb_graphql.utils.type_info
import time:    119367 |     119367 |                                     wandb_graphql.utils.is_valid_literal_value
import time:    200919 |     200919 |                                     wandb_graphql.validation.rules.base
import time:    187150 |     507435 |                                   wandb_graphql.validation.rules.arguments_of_correct_type
import time:     43017 |      43017 |                                   wandb_graphql.validation.rules.default_values_of_correct_type
import time:     17559 |      17559 |                                     wandb_graphql.utils.quoted_or_list
import time:     23470 |      23470 |                                     wandb_graphql.utils.suggestion_list
import time:     16184 |      57212 |                                   wandb_graphql.validation.rules.fields_on_correct_type
import time:     32286 |      32286 |                                   wandb_graphql.validation.rules.fragments_on_composite_types
import time:     47312 |      47312 |                                   wandb_graphql.validation.rules.known_argument_names
import time:    111244 |     111244 |                                   wandb_graphql.validation.rules.known_directives
import time:     90526 |      90526 |                                   wandb_graphql.validation.rules.known_fragment_names
import time:     76143 |      76143 |                                   wandb_graphql.validation.rules.known_type_names
import time:     56841 |      56841 |                                   wandb_graphql.validation.rules.lone_anonymous_operation
import time:     43026 |      43026 |                                   wandb_graphql.validation.rules.no_fragment_cycles
import time:     42834 |      42834 |                                   wandb_graphql.validation.rules.no_undefined_variables
import time:     22975 |      22975 |                                   wandb_graphql.validation.rules.no_unused_fragments
import time:     25160 |      25160 |                                   wandb_graphql.validation.rules.no_unused_variables
import time:     24386 |      24386 |                                     wandb_graphql.pyutils.pair_set
import time:     27068 |      51453 |                                   wandb_graphql.validation.rules.overlapping_fields_can_be_merged
import time:     23410 |      23410 |                                   wandb_graphql.validation.rules.possible_fragment_spreads
import time:     21447 |      21447 |                                   wandb_graphql.validation.rules.provided_non_null_arguments
import time:     25897 |      25897 |                                   wandb_graphql.validation.rules.scalar_leafs
import time:     22902 |      22902 |                                   wandb_graphql.validation.rules.unique_argument_names
import time:     22651 |      22651 |                                   wandb_graphql.validation.rules.unique_fragment_names
import time:     25628 |      25628 |                                   wandb_graphql.validation.rules.unique_input_field_names
import time:     34984 |      34984 |                                   wandb_graphql.validation.rules.unique_operation_names
import time:     28441 |      28441 |                                   wandb_graphql.validation.rules.unique_variable_names
import time:     25999 |      25999 |                                   wandb_graphql.validation.rules.variables_are_input_types
import time:     24799 |      24799 |                                   wandb_graphql.validation.rules.variables_in_allowed_position
import time:    201814 |    1665425 |                                 wandb_graphql.validation.rules
import time:    209265 |    2225551 |                               wandb_graphql.validation.validation
import time:    145537 |    2371088 |                             wandb_graphql.validation
import time:      8172 |    6935574 |                           wandb_graphql.graphql
import time:     21875 |      21875 |                           wandb_graphql.language.base
import time:     22720 |      22720 |                             wandb_graphql.utils.introspection_query
import time:     20582 |      20582 |                             wandb_graphql.utils.get_operation_ast
import time:     14473 |      14473 |                             wandb_graphql.utils.build_client_schema
import time:      7049 |       7049 |                             wandb_graphql.utils.build_ast_schema
import time:     12571 |      12571 |                             wandb_graphql.utils.extend_schema
import time:      8983 |       8983 |                             wandb_graphql.utils.schema_printer
import time:      8898 |       8898 |                             wandb_graphql.utils.concat_ast
import time:     17628 |     112901 |                           wandb_graphql.utils.base
import time:     15733 |    7112224 |                         wandb_graphql
import time:       122 |    7112346 |                       wandb_graphql.language
import time:       109 |    7112454 |                     wandb_graphql.language.parser
import time:     10138 |    7122592 |                   wandb_gql.gql
import time:     38199 |      38199 |                       wandb_gql.transport
import time:     35278 |      73477 |                     wandb_gql.transport.local_schema
import time:     20534 |      94010 |                   wandb_gql.client
import time:     16833 |    7233433 |                 wandb_gql
import time:     17878 |      17878 |                   wandb.analytics.sentry
import time:     35157 |      53035 |                 wandb.analytics
import time:     23864 |      23864 |                 wandb.apis.normalize
import time:     38828 |      38828 |                   wandb.old
import time:      1115 |       1115 |                     termios
import time:     11078 |      12193 |                   getpass
import time:     21296 |      21296 |                   wandb.old.core
import time:     28018 |     100333 |                 wandb.old.settings
import time:     27705 |      27705 |                   wandb.proto
import time:      6606 |       6606 |                     google
import time:     16806 |      23412 |                   google.protobuf
import time:      6563 |       6563 |                     wandb.proto.v6
import time:     35058 |      35058 |                       google.protobuf.internal
import time:      2335 |       2335 |                         google.protobuf.internal._api_implementation
import time:     36644 |      36644 |                         google.protobuf.message
import time:     42945 |      42945 |                         google.protobuf.internal.enum_type_wrapper
import time:      4767 |       4767 |                         google.protobuf.enable_deterministic_proto_serialization
import time:     84108 |     170797 |                       google.protobuf.internal.api_implementation
import time:     38147 |     244001 |                     google.protobuf.descriptor
import time:     46914 |      46914 |                       google.protobuf.descriptor_database
import time:     43185 |      43185 |                       google.protobuf.text_encoding
import time:     41967 |      41967 |                       google.protobuf.internal.python_edition_defaults
import time:       347 |        347 |                           encodings.raw_unicode_escape
import time:       222 |        222 |                           encodings.unicode_escape
import time:     41328 |      41328 |                             google.protobuf.internal.containers
import time:     37537 |      37537 |                               google.protobuf.internal.wire_format
import time:     41141 |      78677 |                             google.protobuf.internal.encoder
import time:     42040 |     162044 |                           google.protobuf.internal.decoder
import time:     28190 |      28190 |                           google.protobuf.internal.type_checkers
import time:     24266 |      24266 |                           google.protobuf.unknown_fields
import time:     32227 |     247295 |                         google.protobuf.text_format
import time:     34680 |      34680 |                         google.protobuf.internal.extension_dict
import time:     38821 |      38821 |                         google.protobuf.internal.message_listener
import time:     15662 |      15662 |                           calendar
import time:     38205 |      38205 |                           google.protobuf.internal.field_mask
import time:     38018 |      91884 |                         google.protobuf.internal.well_known_types
import time:     45570 |     458249 |                       google.protobuf.internal.python_message
import time:     46816 |     637127 |                     google.protobuf.descriptor_pool
import time:     36655 |      36655 |                     google.protobuf.runtime_version
import time:     52908 |      52908 |                         google.protobuf.pyext
import time:     48543 |      48543 |                         google.protobuf.pyext.cpp_message
import time:     46484 |     147934 |                       google.protobuf.message_factory
import time:     30121 |     178055 |                     google.protobuf.symbol_database
import time:     67146 |      67146 |                       google.protobuf.reflection
import time:     73440 |     140586 |                     google.protobuf.internal.builder
import time:     90296 |      90296 |                     google.protobuf.empty_pb2
import time:    109126 |     109126 |                     google.protobuf.timestamp_pb2
import time:    147423 |     147423 |                       wandb.proto.v6.wandb_base_pb2
import time:    187071 |     334494 |                     wandb.proto.wandb_base_pb2
import time:    113488 |     113488 |                       wandb.proto.v6.wandb_telemetry_pb2
import time:    105291 |     218778 |                     wandb.proto.wandb_telemetry_pb2
import time:     29276 |    2024951 |                   wandb.proto.v6.wandb_internal_pb2
import time:     13414 |    2089481 |                 wandb.proto.wandb_internal_pb2
import time:    112084 |     112084 |                   wandb.sdk.internal._generated.operations
import time:    211860 |     211860 |                   wandb.sdk.internal._generated.server_features_query
import time:    190833 |     514776 |                 wandb.sdk.internal._generated
import time:     95811 |      95811 |                   wandb_gql.transport.http
import time:     11142 |      11142 |                   wandb._analytics
import time:    168869 |     275821 |                 wandb.sdk.lib.gql_request
import time:     10333 |      10333 |                 wandb.sdk.lib.credentials
import time:     12327 |      12327 |                 wandb.sdk.lib.retry
import time:     18845 |      18845 |                 wandb.sdk.lib.filenames
import time:     27520 |      27520 |                 wandb.sdk.internal.context
import time:     26621 |      26621 |                 wandb.sdk.internal.progress
import time:     16644 |   10460323 |               wandb.sdk.internal.internal_api
import time:     17259 |   10477582 |             wandb.apis.internal
import time:     60679 |      60679 |                 wandb.apis.public.const
import time:     62394 |      62394 |                     wandb.apis.paginator
import time:     61787 |      61787 |                     wandb.apis.public.utils
import time:    162429 |     162429 |                     wandb.sdk.artifacts._gqlutils
import time:    123699 |     123699 |                     wandb.apis.public.registries._utils
import time:     96006 |     506313 |                   wandb.apis.public.registries.registries_search
import time:     77697 |      77697 |                       wandb.apis.attrs
import time:     90141 |     167838 |                     wandb.apis.public.teams
import time:     78660 |      78660 |                     wandb.apis.public.users
import time:    214051 |     214051 |                         wandb.sdk.artifacts._models.base_model
import time:    244409 |     458459 |                       wandb.sdk.artifacts._models.artifact_collection
import time:     53275 |      53275 |                         wandb.apis.public.registries._freezable_list
import time:    105063 |     158338 |                       wandb.sdk.artifacts._models.registry
import time:    117511 |     734307 |                     wandb.sdk.artifacts._models
import time:     30344 |      30344 |                         pydantic._internal._dataclasses
import time:     38590 |      68933 |                       pydantic.dataclasses
import time:     66690 |     135623 |                     wandb.apis.public.registries._members
import time:    124935 |    1241360 |                   wandb.apis.public.registries.registry
import time:     80210 |    1827881 |                 wandb.apis.public.registries
import time:     29356 |      29356 |                     wandb.errors.links
import time:     29637 |      58993 |                   wandb.sdk.lib.apikey
import time:     28343 |      87335 |                 wandb.sdk.wandb_login
import time:     24661 |      24661 |                           wandb.docker.names
import time:     36509 |      61170 |                         wandb.docker
import time:     21489 |      21489 |                         wandb.sdk.launch.errors
import time:     20409 |      20409 |                           wandb.sdk.launch.builder
import time:     13323 |      13323 |                             wandb.sdk.launch.environment
import time:     21896 |      35218 |                           wandb.sdk.launch.environment.abstract
import time:      9042 |       9042 |                             wandb.sdk.launch.registry
import time:     23744 |      32785 |                           wandb.sdk.launch.registry.abstract
import time:     19132 |      19132 |                               wandb.sdk.launch.git_reference
import time:     16535 |      16535 |                               wandb.sdk.launch.wandb_reference
import time:     20691 |      20691 |                               wandb.sdk.wandb_config
import time:     12874 |      12874 |                                 wandb.sdk.launch.builder.templates
import time:     22944 |      35817 |                               wandb.sdk.launch.builder.templates._wandb_bootstrap
import time:     11235 |     103409 |                             wandb.sdk.launch.utils
import time:     14291 |     117699 |                           wandb.sdk.launch._project_spec
import time:     18674 |      18674 |                           wandb.sdk.launch.registry.anon
import time:     24198 |     248982 |                         wandb.sdk.launch.builder.abstract
import time:     27389 |      27389 |                           wandb.sdk.launch.runner
import time:     22684 |      50073 |                         wandb.sdk.launch.runner.abstract
import time:     28113 |     409825 |                       wandb.sdk.launch.loader
import time:     13724 |      13724 |                               wandb.sdk.launch.builder.templates.dockerfile
import time:     17924 |      31648 |                             wandb.sdk.launch.builder.build
import time:     11665 |      43313 |                           wandb.sdk.launch._launch_add
import time:     12898 |      12898 |                           wandb.sdk.launch.runner.local_container
import time:      9246 |       9246 |                           wandb.sdk.launch.runner.local_process
import time:     11536 |      11536 |                             wandb.sdk.launch.sweeps
import time:     14071 |      14071 |                             wandb.sdk.launch.sweeps.utils
import time:     16990 |      42596 |                           wandb.sdk.launch.sweeps.scheduler
import time:     28827 |      28827 |                             wandb.sdk.launch.agent.run_queue_item_file_saver
import time:     17582 |      46408 |                           wandb.sdk.launch.agent.job_status_tracker
import time:     16095 |     170553 |                         wandb.sdk.launch.agent.agent
import time:     19474 |     190027 |                       wandb.sdk.launch.agent
import time:     30238 |      30238 |                       wandb.sdk.launch.environment.local_environment
import time:     33944 |     664032 |                     wandb.sdk.launch._launch
import time:     23855 |      23855 |                       wandb.sdk.launch.inputs
import time:     36607 |      60461 |                     wandb.sdk.launch.inputs.manage
import time:     38403 |     762895 |                   wandb.sdk.launch
import time:       126 |     763020 |                 wandb.sdk.launch.utils
import time:      8597 |       8597 |                   wandb.sdk.lib.telemetry
import time:      9276 |      17872 |                 wandb.sdk.lib.deprecation
import time:    122041 |    2878827 |               wandb.apis.public.api
import time:     30831 |      30831 |               wandb.apis.public.artifacts
import time:      8830 |       8830 |               wandb.apis.public.automations
import time:     11110 |      11110 |                 wandb.apis.public.runs
import time:     10545 |      21655 |               wandb.apis.public.files
import time:     11934 |      11934 |               wandb.apis.public.history
import time:     22288 |      22288 |               wandb.apis.public.integrations
import time:     26265 |      26265 |                 wandb.sdk.artifacts.artifact_state
import time:     25199 |      51464 |               wandb.apis.public.jobs
import time:     17719 |      17719 |                 wandb.apis.public.sweeps
import time:     16627 |      34345 |               wandb.apis.public.projects
import time:     17481 |      17481 |               wandb.apis.public.query_generator
import time:     21005 |      21005 |               wandb.apis.public.reports
import time:     69261 |    3167914 |             wandb.apis.public
import time:     15999 |   13661494 |           wandb.apis
import time:       198 |   13661691 |         wandb.apis.normalize
import time:     14080 |      14080 |                     google.protobuf.wrappers_pb2
import time:      9060 |      23139 |                   wandb.proto.v6.wandb_settings_pb2
import time:     19237 |      42375 |                 wandb.proto.wandb_settings_pb2
import time:     15277 |      15277 |                   wandb.proto.v6.wandb_sync_pb2
import time:     12114 |      27391 |                 wandb.proto.wandb_sync_pb2
import time:     17584 |      17584 |                   wandb.proto.v6.wandb_api_pb2
import time:     19186 |      36769 |                 wandb.proto.wandb_api_pb2
import time:     26865 |     133399 |               wandb.proto.v6.wandb_server_pb2
import time:     20210 |     153608 |             wandb.proto.wandb_server_pb2
import time:     12385 |      12385 |             wandb.sdk.mailbox.mailbox_handle
import time:      9457 |       9457 |             wandb.sdk.mailbox.response_handle
import time:     17767 |     193215 |           wandb.sdk.mailbox.mailbox
import time:     13399 |      13399 |           wandb.sdk.mailbox.wait_with_progress
import time:     23776 |     230389 |         wandb.sdk.mailbox
import time:     17603 |      17603 |             wandb.sdk.artifacts.storage_layout
import time:     28802 |      46404 |           wandb.sdk.artifacts._models.storage
import time:     21282 |      21282 |             wandb.sdk.artifacts.storage_policies.register
import time:      7725 |       7725 |               wandb.sdk.artifacts.artifact_file_cache
import time:      9642 |       9642 |               wandb.sdk.artifacts.staging
import time:     27767 |      27767 |                 wandb.sdk.artifacts.storage_handlers
import time:     21571 |      21571 |                 wandb.sdk.artifacts.storage_handler
import time:     23541 |      72877 |               wandb.sdk.artifacts.storage_handlers.multi_handler
import time:     43216 |      43216 |                 wandb.sdk.artifacts.artifact_manifest_entry
import time:     22750 |      65965 |               wandb.sdk.artifacts.storage_handlers.tracking_handler
import time:     13983 |      13983 |               wandb.sdk.artifacts.storage_policies._multipart
import time:      9357 |       9357 |               wandb.sdk.artifacts.storage_policy
import time:     11298 |      11298 |                 wandb.sdk.artifacts.storage_handlers.azure_handler
import time:     17579 |      17579 |                   wandb.sdk.artifacts.storage_handlers._timing
import time:     13200 |      30779 |                 wandb.sdk.artifacts.storage_handlers.gcs_handler
import time:     15816 |      15816 |                 wandb.sdk.artifacts.storage_handlers.http_handler
import time:     23854 |      23854 |                 wandb.sdk.artifacts.storage_handlers.local_file_handler
import time:     11836 |      11836 |                 wandb.sdk.artifacts.storage_handlers.s3_handler
import time:     13564 |      13564 |                 wandb.sdk.artifacts.storage_handlers.wb_artifact_handler
import time:     20258 |      20258 |                     wandb.sdk.lib.capped_dict
import time:      9903 |      30160 |                   wandb.sdk.artifacts.artifact_instance_cache
import time:     12443 |      42603 |                 wandb.sdk.artifacts.storage_handlers.wb_local_artifact_handler
import time:     11246 |     160993 |               wandb.sdk.artifacts.storage_policies._factories
import time:     12821 |     353361 |             wandb.sdk.artifacts.storage_policies.wandb_storage_policy
import time:     17264 |     391906 |           wandb.sdk.artifacts.storage_policies
import time:     16092 |     454400 |         wandb.sdk.artifacts._factories
import time:     20826 |      20826 |           wandb.sdk.artifacts.exceptions
import time:     21097 |      41923 |         wandb.sdk.artifacts._validators
import time:     19749 |      19749 |         wandb.sdk.artifacts.artifact_download_logger
import time:     44055 |      44055 |         wandb.sdk.artifacts.artifact_manifest
import time:     30523 |      30523 |           wandb.sdk.artifacts.artifact_manifests
import time:     45735 |      45735 |           wandb.sdk.artifacts._models.manifest
import time:     48950 |     125206 |         wandb.sdk.artifacts.artifact_manifests.artifact_manifest_v1
import time:     28258 |      28258 |         wandb.sdk.artifacts.artifact_ttl
import time:     22737 |   24657114 |       wandb.sdk.artifacts.artifact
import time:     20499 |      20499 |       wandb.sdk.wandb_alerts
import time:     16112 |      16112 |         wandb.trigger
import time:     13072 |      13072 |         wandb.errors.util
import time:     12931 |      12931 |           wandb.integration.weave.interface
import time:     11105 |      11105 |           wandb.integration.weave.weave
import time:     17304 |      41339 |         wandb.integration.weave
import time:     23840 |      23840 |           wandb.sdk.interface
import time:     31164 |      31164 |             wandb.sdk.interface.summary_record
import time:     27946 |      59110 |           wandb.sdk.interface.interface
import time:     15126 |      98075 |         wandb.sdk.lib.progress
import time:     46342 |      46342 |           wandb.sdk.backend
import time:     59446 |     105788 |         wandb.sdk.backend.backend
import time:     36879 |      36879 |           wandb.sdk.lib.preinit
import time:     35575 |      72453 |         wandb.sdk.lib.module
import time:     34072 |      34072 |           wandb.integration.torch
import time:     31167 |      31167 |           wandb.integration.torch.wandb_torch
import time:     29331 |      29331 |               wandb.plot.custom_chart
import time:     42649 |      71979 |             wandb.plot.bar
import time:     30417 |      30417 |             wandb.plot.confusion_matrix
import time:     29585 |      29585 |             wandb.plot.histogram
import time:     32567 |      32567 |             wandb.plot.line
import time:     29021 |      29021 |             wandb.plot.line_series
import time:     29402 |      29402 |               wandb.plot.utils
import time:     27472 |      56874 |             wandb.plot.pr_curve
import time:     24744 |      24744 |             wandb.plot.roc_curve
import time:     12545 |      12545 |             wandb.plot.scatter
import time:     18275 |      18275 |             wandb.plot.viz
import time:     50370 |     356372 |           wandb.plot
import time:     17218 |      17218 |           wandb.sdk.wandb_metric
import time:     16312 |      16312 |           wandb.sdk.wandb_summary
import time:     17641 |      17641 |           wandb.sdk.lib.interrupt
import time:      9514 |       9514 |           wandb.sdk.lib.proto_util
import time:       396 |        396 |               tty
import time:       659 |       1055 |             pty
import time:     10309 |      10309 |             wandb.sdk.lib.console_capture
import time:     10841 |      22204 |           wandb.sdk.lib.redirect
import time:     10184 |      10184 |           wandb.sdk.lib.exit_hooks
import time:     36865 |     551545 |         wandb.sdk.wandb_run
import time:     21879 |      21879 |           pydantic._internal._serializers
import time:    106753 |     128631 |         wandb.sdk.wandb_settings
import time:     26164 |    1053175 |       wandb.sdk.wandb_init
import time:      9968 |       9968 |       wandb.sdk.wandb_require
import time:      9363 |       9363 |       wandb.sdk.wandb_sweep
import time:      7612 |       7612 |       wandb.sdk.wandb_watch
import time:    249002 |   27530331 |     wandb.sdk
import time:       135 |   27530465 |   wandb.sdk.lib
import time:     15684 |      15684 |   wandb.wandb_agent
import time:     15053 |      15053 |   wandb.sdk.internal.profiler
import time:    102344 |   29594320 | wandb
